2021-06-09 01:11:47,599 DEBUG    root            Loaded Command Group: ['gcloud', 'functions']
2021-06-09 01:11:47,684 DEBUG    root            Loaded Command Group: ['gcloud', 'functions', 'deploy']
2021-06-09 01:11:47,709 DEBUG    root            Running [gcloud.functions.deploy] with arguments: [--allow-unauthenticated: "True", --trigger-http: "True", NAME: "timeleft-develop"]
2021-06-09 01:11:48,075 DEBUG    root            (gcloud.functions.deploy) You do not currently have an active account selected.
Please run:

  $ gcloud auth login

to obtain new credentials.

If you have already logged in with a different account:

    $ gcloud config set account ACCOUNT

to select an already authenticated account to use.
Traceback (most recent call last):
  File "/Users/admin/Downloads/google-cloud-sdk/lib/googlecloudsdk/calliope/cli.py", line 982, in Execute
    resources = calliope_command.Run(cli=self, args=args)
  File "/Users/admin/Downloads/google-cloud-sdk/lib/googlecloudsdk/calliope/backend.py", line 809, in Run
    resources = command_instance.Run(args)
  File "/Users/admin/Downloads/google-cloud-sdk/lib/surface/functions/deploy.py", line 78, in Run
    return command_v1.Run(args, track=self.ReleaseTrack())
  File "/Users/admin/Downloads/google-cloud-sdk/lib/googlecloudsdk/command_lib/functions/v1/deploy/command.py", line 208, in Run
    function = api_util.GetFunction(function_url)
  File "/Users/admin/Downloads/google-cloud-sdk/lib/googlecloudsdk/api_lib/functions/v1/util.py", line 318, in CatchHTTPErrorRaiseHTTPExceptionFn
    return func(*args, **kwargs)
  File "/Users/admin/Downloads/google-cloud-sdk/lib/googlecloudsdk/api_lib/functions/v1/util.py", line 340, in GetFunction
    client = GetApiClientInstance()
  File "/Users/admin/Downloads/google-cloud-sdk/lib/googlecloudsdk/api_lib/functions/v1/util.py", line 91, in GetApiClientInstance
    return apis.GetClientInstance(_API_NAME, _GetApiVersion(track))
  File "/Users/admin/Downloads/google-cloud-sdk/lib/googlecloudsdk/api_lib/util/apis.py", line 313, in GetClientInstance
    return apis_internal._GetClientInstance(api_name, api_version, no_http, None,
  File "/Users/admin/Downloads/google-cloud-sdk/lib/googlecloudsdk/api_lib/util/apis_internal.py", line 166, in _GetClientInstance
    http_client = transports.GetApitoolsTransport(
  File "/Users/admin/Downloads/google-cloud-sdk/lib/googlecloudsdk/core/credentials/transports.py", line 81, in GetApitoolsTransport
    session = requests.GetSession(
  File "/Users/admin/Downloads/google-cloud-sdk/lib/googlecloudsdk/core/credentials/requests.py", line 78, in GetSession
    session = request_wrapper.WrapQuota(session, enable_resource_quota,
  File "/Users/admin/Downloads/google-cloud-sdk/lib/googlecloudsdk/core/credentials/requests.py", line 112, in WrapQuota
    quota_project = self.QuotaProject(enable_resource_quota,
  File "/Users/admin/Downloads/google-cloud-sdk/lib/googlecloudsdk/core/credentials/transport.py", line 53, in QuotaProject
    creds = store.LoadIfEnabled(allow_account_impersonation, use_google_auth)
  File "/Users/admin/Downloads/google-cloud-sdk/lib/googlecloudsdk/core/credentials/store.py", line 562, in LoadIfEnabled
    return Load(
  File "/Users/admin/Downloads/google-cloud-sdk/lib/googlecloudsdk/core/credentials/store.py", line 667, in Load
    cred = _Load(account, scopes, prevent_refresh, use_google_auth)
  File "/Users/admin/Downloads/google-cloud-sdk/lib/googlecloudsdk/core/credentials/store.py", line 748, in _Load
    raise NoActiveAccountException(
googlecloudsdk.core.credentials.store.NoActiveAccountException: You do not currently have an active account selected.
Please run:

  $ gcloud auth login

to obtain new credentials.

If you have already logged in with a different account:

    $ gcloud config set account ACCOUNT

to select an already authenticated account to use.
2021-06-09 01:11:48,093 ERROR    root            (gcloud.functions.deploy) You do not currently have an active account selected.
Please run:

  $ gcloud auth login

to obtain new credentials.

If you have already logged in with a different account:

    $ gcloud config set account ACCOUNT

to select an already authenticated account to use.
