2021-06-09 01:11:56,169 DEBUG    root            Loaded Command Group: ['gcloud', 'auth']
2021-06-09 01:11:56,236 DEBUG    root            Loaded Command Group: ['gcloud', 'auth', 'login']
2021-06-09 01:11:56,239 DEBUG    root            Running [gcloud.auth.login] with arguments: []
2021-06-09 01:11:56,250 DEBUG    requests_oauthlib.oauth2_session Generated new state eZcyHoFbZp9MOZv2hi2oZI8qAaI99Z.
2021-06-09 01:11:56,528 INFO     ___FILE_ONLY___ Your browser has been opened to visit:

    https://accounts.google.com/o/oauth2/auth?response_type=code&client_id=32555940559.apps.googleusercontent.com&redirect_uri=http%3A%2F%2Flocalhost%3A8085%2F&scope=openid+https%3A%2F%2Fwww.googleapis.com%2Fauth%2Fuserinfo.email+https%3A%2F%2Fwww.googleapis.com%2Fauth%2Fcloud-platform+https%3A%2F%2Fwww.googleapis.com%2Fauth%2Fappengine.admin+https%3A%2F%2Fwww.googleapis.com%2Fauth%2Fcompute+https%3A%2F%2Fwww.googleapis.com%2Fauth%2Faccounts.reauth&state=eZcyHoFbZp9MOZv2hi2oZI8qAaI99Z&access_type=offline&code_challenge=CtWfJ_S5r4_VdVp_b1xNYCl07-plhl1PGJeRcSImVlE&code_challenge_method=S256


2021-06-09 01:12:13,513 INFO     google_auth_oauthlib.flow "GET /?state=eZcyHoFbZp9MOZv2hi2oZI8qAaI99Z&code=4/0AY0e-g6OHbprCYJbbYWNiVjO9XJ_THXpb8S4dE_xjX9V893nqxzoBhcdhHZEqmaZJMzk0g&scope=email%20openid%20https://www.googleapis.com/auth/userinfo.email%20https://www.googleapis.com/auth/cloud-platform%20https://www.googleapis.com/auth/appengine.admin%20https://www.googleapis.com/auth/compute%20https://www.googleapis.com/auth/accounts.reauth&authuser=1&prompt=consent HTTP/1.1" 200 959
2021-06-09 01:12:13,515 DEBUG    requests_oauthlib.oauth2_session Requesting url https://oauth2.googleapis.com/token using method POST.
2021-06-09 01:12:13,515 DEBUG    requests_oauthlib.oauth2_session Supplying headers {b'Accept': b'application/json', b'Content-Type': b'application/x-www-form-urlencoded;charset=UTF-8', b'user-agent': b'google-cloud-sdk gcloud/337.0.0 command/gcloud.auth.login invocation-id/6d29b89fa0f94d05ace8dfa67812f2ce environment/None environment-version/None interactive/True from-script/False python/3.9.4 term/xterm-256color (Macintosh; Intel Mac OS X 20.5.0)'} and data {'grant_type': 'authorization_code', 'client_id': '32555940559.apps.googleusercontent.com', 'client_secret': 'ZmssLNjJy2998hD4CTg2ejr2', 'code': '4/0AY0e-g6OHbprCYJbbYWNiVjO9XJ_THXpb8S4dE_xjX9V893nqxzoBhcdhHZEqmaZJMzk0g', 'redirect_uri': 'http://localhost:8085/', 'code_verifier': 'E0M3AOEGhYwJMS8zo-3Wz~p7EX.okjBpBM_6u0H.oO67b5lczqrbzpOw0L0YEROJo4KQrRvLMqfH1HbMrkJk6h6opT7OsqZ29HRTc59kAOyS0XghcyS5u1UaopT9mpRY'}
2021-06-09 01:12:13,515 DEBUG    requests_oauthlib.oauth2_session Passing through key word arguments {'json': None, 'timeout': None, 'auth': None, 'verify': True, 'proxies': None}.
2021-06-09 01:12:13,530 DEBUG    urllib3.connectionpool Starting new HTTPS connection (1): oauth2.googleapis.com:443
2021-06-09 01:12:14,960 DEBUG    urllib3.connectionpool https://oauth2.googleapis.com:443 "POST /token HTTP/1.1" 200 None
2021-06-09 01:12:14,961 DEBUG    requests_oauthlib.oauth2_session Prepared fetch token request body grant_type=authorization_code&client_id=32555940559.apps.googleusercontent.com&client_secret=ZmssLNjJy2998hD4CTg2ejr2&code=4%2F0AY0e-g6OHbprCYJbbYWNiVjO9XJ_THXpb8S4dE_xjX9V893nqxzoBhcdhHZEqmaZJMzk0g&redirect_uri=http%3A%2F%2Flocalhost%3A8085%2F&code_verifier=E0M3AOEGhYwJMS8zo-3Wz~p7EX.okjBpBM_6u0H.oO67b5lczqrbzpOw0L0YEROJo4KQrRvLMqfH1HbMrkJk6h6opT7OsqZ29HRTc59kAOyS0XghcyS5u1UaopT9mpRY
2021-06-09 01:12:14,961 DEBUG    requests_oauthlib.oauth2_session Request to fetch token completed with status 200.
2021-06-09 01:12:14,962 DEBUG    requests_oauthlib.oauth2_session Request headers were {'user-agent': b'google-cloud-sdk gcloud/337.0.0 command/gcloud.auth.login invocation-id/6d29b89fa0f94d05ace8dfa67812f2ce environment/None environment-version/None interactive/True from-script/False python/3.9.4 term/xterm-256color (Macintosh; Intel Mac OS X 20.5.0)', 'Accept-Encoding': 'gzip, deflate', 'Accept': b'application/json', 'Connection': 'keep-alive', 'Content-Type': b'application/x-www-form-urlencoded;charset=UTF-8', 'Content-Length': '387'}
2021-06-09 01:12:14,962 DEBUG    requests_oauthlib.oauth2_session Request body was grant_type=authorization_code&client_id=32555940559.apps.googleusercontent.com&client_secret=ZmssLNjJy2998hD4CTg2ejr2&code=4%2F0AY0e-g6OHbprCYJbbYWNiVjO9XJ_THXpb8S4dE_xjX9V893nqxzoBhcdhHZEqmaZJMzk0g&redirect_uri=http%3A%2F%2Flocalhost%3A8085%2F&code_verifier=E0M3AOEGhYwJMS8zo-3Wz~p7EX.okjBpBM_6u0H.oO67b5lczqrbzpOw0L0YEROJo4KQrRvLMqfH1HbMrkJk6h6opT7OsqZ29HRTc59kAOyS0XghcyS5u1UaopT9mpRY
2021-06-09 01:12:14,962 DEBUG    requests_oauthlib.oauth2_session Response headers were {'Pragma': 'no-cache', 'Date': 'Tue, 08 Jun 2021 18:12:14 GMT', 'Cache-Control': 'no-cache, no-store, max-age=0, must-revalidate', 'Expires': 'Mon, 01 Jan 1990 00:00:00 GMT', 'Content-Type': 'application/json; charset=utf-8', 'Vary': 'Origin, X-Origin, Referer', 'Content-Encoding': 'gzip', 'Server': 'scaffolding on HTTPServer2', 'X-XSS-Protection': '0', 'X-Frame-Options': 'SAMEORIGIN', 'X-Content-Type-Options': 'nosniff', 'Alt-Svc': 'h3-29=":443"; ma=2592000,h3-T051=":443"; ma=2592000,h3-Q050=":443"; ma=2592000,h3-Q046=":443"; ma=2592000,h3-Q043=":443"; ma=2592000,quic=":443"; ma=2592000; v="46,43"', 'Transfer-Encoding': 'chunked'} and content {
  "access_token": "ya29.a0AfH6SMBWk4LJQOnAHFUdfgfl5olIs-OJko7kru8GM1z0TaCtaUIPMPPpyHgw9xtyok3q5sjLTBJjsjI4CKuawiTTIx2k3CDKB1cI4hUeesemx8A9GXFVvDw3XRHUprFccqgPBdUdX4JNdr7lcAcx_bex2Sv8k-Fevxdi",
  "expires_in": 3599,
  "refresh_token": "1//09Pf8oDIOUZB0CgYIARAAGAkSNwF-L9IrqU3WNM0tsO7b-lIsze8tWePobJouzFYSqI351rOTgVypV29QRC8LJnLgJjVNgtxOkfM",
  "scope": "https://www.googleapis.com/auth/cloud-platform https://www.googleapis.com/auth/compute https://www.googleapis.com/auth/appengine.admin https://www.googleapis.com/auth/accounts.reauth https://www.googleapis.com/auth/userinfo.email openid",
  "token_type": "Bearer",
  "id_token": "eyJhbGciOiJSUzI1NiIsImtpZCI6IjZhMWQyNmQ5OTJiZTdhNGI2ODliZGNlMTkxMWY0ZTlhZGM3NWQ5ZjEiLCJ0eXAiOiJKV1QifQ.eyJpc3MiOiJodHRwczovL2FjY291bnRzLmdvb2dsZS5jb20iLCJhenAiOiIzMjU1NTk0MDU1OS5hcHBzLmdvb2dsZXVzZXJjb250ZW50LmNvbSIsImF1ZCI6IjMyNTU1OTQwNTU5LmFwcHMuZ29vZ2xldXNlcmNvbnRlbnQuY29tIiwic3ViIjoiMTE1OTQ4NTcyMjQxOTIzOTA3NzY0IiwiZW1haWwiOiJzb25wbmguZGV2QGdtYWlsLmNvbSIsImVtYWlsX3ZlcmlmaWVkIjp0cnVlLCJhdF9oYXNoIjoiWWVMV3lEZ0h2NHVKWk51ekYxb2dnUSIsImlhdCI6MTYyMzE3NTkzNCwiZXhwIjoxNjIzMTc5NTM0fQ.QCgS1X462J6hN6k82IMIUbl18ZgOoV7hDw3OxBKVjXeYDewDwjhRphtD_clxFp54DbPNpbvE1ekeTMAfqdEUfLwIIVthEwcRoWCuuSsC9wmm0YGaBT8CHIKU26Q_GnQJzASAI_efnwPyzNzR74htffbjzQkPP1VcVNe-lqIiWO6udh5foXVF6Aj7SXSNtFIGijrsKVvi1BAZ7qJJMjWApaDDwG7TbPy9MKeHyXRefIGj527RHKjxcRvIFNkNZeo2uBtC0PtcwVPW3vmUG1ihdMy6iuvUHFbtMeiH5AkwW1NwqaKVb8_sGnt1vlrP-47FdmeLbLwSHZ1el32q2ZyywA"
}.
2021-06-09 01:12:14,962 DEBUG    requests_oauthlib.oauth2_session Invoking 0 token response hooks.
2021-06-09 01:12:14,962 DEBUG    requests_oauthlib.oauth2_session Obtained token {'access_token': 'ya29.a0AfH6SMBWk4LJQOnAHFUdfgfl5olIs-OJko7kru8GM1z0TaCtaUIPMPPpyHgw9xtyok3q5sjLTBJjsjI4CKuawiTTIx2k3CDKB1cI4hUeesemx8A9GXFVvDw3XRHUprFccqgPBdUdX4JNdr7lcAcx_bex2Sv8k-Fevxdi', 'expires_in': 3599, 'refresh_token': '1//09Pf8oDIOUZB0CgYIARAAGAkSNwF-L9IrqU3WNM0tsO7b-lIsze8tWePobJouzFYSqI351rOTgVypV29QRC8LJnLgJjVNgtxOkfM', 'scope': ['https://www.googleapis.com/auth/cloud-platform', 'https://www.googleapis.com/auth/compute', 'https://www.googleapis.com/auth/appengine.admin', 'https://www.googleapis.com/auth/accounts.reauth', 'https://www.googleapis.com/auth/userinfo.email', 'openid'], 'token_type': 'Bearer', 'id_token': 'eyJhbGciOiJSUzI1NiIsImtpZCI6IjZhMWQyNmQ5OTJiZTdhNGI2ODliZGNlMTkxMWY0ZTlhZGM3NWQ5ZjEiLCJ0eXAiOiJKV1QifQ.eyJpc3MiOiJodHRwczovL2FjY291bnRzLmdvb2dsZS5jb20iLCJhenAiOiIzMjU1NTk0MDU1OS5hcHBzLmdvb2dsZXVzZXJjb250ZW50LmNvbSIsImF1ZCI6IjMyNTU1OTQwNTU5LmFwcHMuZ29vZ2xldXNlcmNvbnRlbnQuY29tIiwic3ViIjoiMTE1OTQ4NTcyMjQxOTIzOTA3NzY0IiwiZW1haWwiOiJzb25wbmguZGV2QGdtYWlsLmNvbSIsImVtYWlsX3ZlcmlmaWVkIjp0cnVlLCJhdF9oYXNoIjoiWWVMV3lEZ0h2NHVKWk51ekYxb2dnUSIsImlhdCI6MTYyMzE3NTkzNCwiZXhwIjoxNjIzMTc5NTM0fQ.QCgS1X462J6hN6k82IMIUbl18ZgOoV7hDw3OxBKVjXeYDewDwjhRphtD_clxFp54DbPNpbvE1ekeTMAfqdEUfLwIIVthEwcRoWCuuSsC9wmm0YGaBT8CHIKU26Q_GnQJzASAI_efnwPyzNzR74htffbjzQkPP1VcVNe-lqIiWO6udh5foXVF6Aj7SXSNtFIGijrsKVvi1BAZ7qJJMjWApaDDwG7TbPy9MKeHyXRefIGj527RHKjxcRvIFNkNZeo2uBtC0PtcwVPW3vmUG1ihdMy6iuvUHFbtMeiH5AkwW1NwqaKVb8_sGnt1vlrP-47FdmeLbLwSHZ1el32q2ZyywA', 'expires_at': 1623179533.962841}.
2021-06-09 01:12:14,976 INFO     ___FILE_ONLY___ 
You are now logged in as [sonpnh.dev@gmail.com].
Your current project is [timeleft-develop].  You can change this setting by running:
  $ gcloud config set project PROJECT_ID

2021-06-09 01:12:14,977 INFO     root            Display format: "none"
2021-06-09 01:12:15,094 DEBUG    root            Checking for updates...
2021-06-09 01:12:17,761 DEBUG    root            Updating notification cache...
2021-06-09 01:12:17,762 DEBUG    root            Activating notification: [default]
2021-06-09 01:12:17,762 INFO     ___FILE_ONLY___ 

Updates are available for some Cloud SDK components.  To install them,
please run:
  $ gcloud components update


2021-06-09 01:12:17,765 INFO     ___FILE_ONLY___ 

To take a quick anonymous survey, run:
  $ gcloud survey


